<?xml version="1.0" encoding="UTF-8"?>
<!-- Generated by org.testng.reporters.JUnitReportReporter -->
<testsuite skipped="0" hostname="EBI157FFEW" name="testcases.IntiateTracsactionTestCase" tests="1" failures="0" timestamp="31 Oct 2018 07:26:21 GMT" time="42.318" errors="0">
  <testcase name="submit_NCD_Form" time="42.318" classname="testcases.IntiateTracsactionTestCase"/>
</testsuite> <!-- testcases.IntiateTracsactionTestCase -->
