<?xml version="1.0" encoding="UTF-8"?>
<!-- Generated by org.testng.reporters.JUnitReportReporter -->
<testsuite skipped="0" hostname="EBI157FFEW" name="testcases.BaseTest" tests="1" failures="0" timestamp="30 Oct 2018 07:07:58 GMT" time="59.185" errors="0">
  <testcase name="test" time="59.185" classname="testcases.BaseTest"/>
</testsuite> <!-- testcases.BaseTest -->
