<?xml version="1.0" encoding="UTF-8"?>
<!-- Generated by org.testng.reporters.JUnitReportReporter -->
<testsuite skipped="0" hostname="EBI157FFEW" name="testcases.IntiateTracsactionsTestCase" tests="1" failures="0" timestamp="02 Nov 2018 07:50:09 GMT" time="48.560" errors="0">
  <testcase name="submit_NCD_Form1" time="48.560" classname="testcases.IntiateTracsactionsTestCase"/>
</testsuite> <!-- testcases.IntiateTracsactionsTestCase -->
