<?xml version="1.0" encoding="UTF-8"?>
<!-- Generated by org.testng.reporters.JUnitReportReporter -->
<testsuite skipped="0" hostname="EBI157FFEW" name="testcases.IntiateTracsactions_tc" tests="1" failures="0" timestamp="02 Nov 2018 12:22:35 GMT" time="61.457" errors="0">
  <testcase name="submit_NCD_Form1" time="61.457" classname="testcases.IntiateTracsactions_tc"/>
</testsuite> <!-- testcases.IntiateTracsactions_tc -->
